Determining if the pthread_create exist failed with the following output:
Change Dir: /home/a/Bureau/DGP2016_exercises/dgp-exercise4-build/CMakeFiles/CMakeTmp

Run Build Command:"/usr/bin/make" "cmTC_f3dca/fast"
/usr/bin/make -f CMakeFiles/cmTC_f3dca.dir/build.make CMakeFiles/cmTC_f3dca.dir/build
make[1] : on entre dans le répertoire « /home/a/Bureau/DGP2016_exercises/dgp-exercise4-build/CMakeFiles/CMakeTmp »
Building C object CMakeFiles/cmTC_f3dca.dir/CheckSymbolExists.c.o
/usr/bin/cc     -o CMakeFiles/cmTC_f3dca.dir/CheckSymbolExists.c.o   -c /home/a/Bureau/DGP2016_exercises/dgp-exercise4-build/CMakeFiles/CMakeTmp/CheckSymbolExists.c
Linking C executable cmTC_f3dca
/usr/bin/cmake -E cmake_link_script CMakeFiles/cmTC_f3dca.dir/link.txt --verbose=1
/usr/bin/cc       CMakeFiles/cmTC_f3dca.dir/CheckSymbolExists.c.o  -o cmTC_f3dca -rdynamic 
CMakeFiles/cmTC_f3dca.dir/CheckSymbolExists.c.o: dans la fonction « main »:
CheckSymbolExists.c:(.text+0x16): référence indéfinie vers « pthread_create »
collect2: error: ld returned 1 exit status
CMakeFiles/cmTC_f3dca.dir/build.make:97 : la recette pour la cible « cmTC_f3dca » a échouée
make[1]: *** [cmTC_f3dca] Erreur 1
make[1] : on quitte le répertoire « /home/a/Bureau/DGP2016_exercises/dgp-exercise4-build/CMakeFiles/CMakeTmp »
Makefile:126 : la recette pour la cible « cmTC_f3dca/fast » a échouée
make: *** [cmTC_f3dca/fast] Erreur 2

File /home/a/Bureau/DGP2016_exercises/dgp-exercise4-build/CMakeFiles/CMakeTmp/CheckSymbolExists.c:
/* */
#include <pthread.h>

int main(int argc, char** argv)
{
  (void)argv;
#ifndef pthread_create
  return ((int*)(&pthread_create))[argc];
#else
  (void)argc;
  return 0;
#endif
}

Determining if the function pthread_create exists in the pthreads failed with the following output:
Change Dir: /home/a/Bureau/DGP2016_exercises/dgp-exercise4-build/CMakeFiles/CMakeTmp

Run Build Command:"/usr/bin/make" "cmTC_fb83a/fast"
/usr/bin/make -f CMakeFiles/cmTC_fb83a.dir/build.make CMakeFiles/cmTC_fb83a.dir/build
make[1] : on entre dans le répertoire « /home/a/Bureau/DGP2016_exercises/dgp-exercise4-build/CMakeFiles/CMakeTmp »
Building C object CMakeFiles/cmTC_fb83a.dir/CheckFunctionExists.c.o
/usr/bin/cc    -DCHECK_FUNCTION_EXISTS=pthread_create   -o CMakeFiles/cmTC_fb83a.dir/CheckFunctionExists.c.o   -c /usr/share/cmake-3.5/Modules/CheckFunctionExists.c
Linking C executable cmTC_fb83a
/usr/bin/cmake -E cmake_link_script CMakeFiles/cmTC_fb83a.dir/link.txt --verbose=1
/usr/bin/cc   -DCHECK_FUNCTION_EXISTS=pthread_create    CMakeFiles/cmTC_fb83a.dir/CheckFunctionExists.c.o  -o cmTC_fb83a -rdynamic -lpthreads 
/usr/bin/ld : ne peut trouver -lpthreads
collect2: error: ld returned 1 exit status
CMakeFiles/cmTC_fb83a.dir/build.make:97 : la recette pour la cible « cmTC_fb83a » a échouée
make[1]: *** [cmTC_fb83a] Erreur 1
make[1] : on quitte le répertoire « /home/a/Bureau/DGP2016_exercises/dgp-exercise4-build/CMakeFiles/CMakeTmp »
Makefile:126 : la recette pour la cible « cmTC_fb83a/fast » a échouée
make: *** [cmTC_fb83a/fast] Erreur 2


